


ARM Macro Assembler    Page 1 


    1 00000000         ;/******************************************************
                       ********************//**
    2 00000000         ; * @file     startup_LPC82x.s
    3 00000000         ; * @brief    CMSIS Core Device Startup File for
    4 00000000         ; *           NXP LPC82x Device Series
    5 00000000         ; * @version  V1.00
    6 00000000         ; * @date     19. August 2014
    7 00000000         ; *
    8 00000000         ; * @note
    9 00000000         ; * Copyright (C) 2014 ARM Limited. All rights reserved.
                       
   10 00000000         ; *
   11 00000000         ; * @par
   12 00000000         ; * ARM Limited (ARM) is supplying this software for use
                        with Cortex-M
   13 00000000         ; * processor based microcontrollers.  This file can be 
                       freely distributed
   14 00000000         ; * within development tools that are supporting such AR
                       M based processors.
   15 00000000         ; *
   16 00000000         ; * @par
   17 00000000         ; * THIS SOFTWARE IS PROVIDED "AS IS".  NO WARRANTIES, W
                       HETHER EXPRESS, IMPLIED
   18 00000000         ; * OR STATUTORY, INCLUDING, BUT NOT LIMITED TO, IMPLIED
                        WARRANTIES OF
   19 00000000         ; * MERCHANTABILITY AND FITNESS FOR A PARTICULAR PURPOSE
                        APPLY TO THIS SOFTWARE.
   20 00000000         ; * ARM SHALL NOT, IN ANY CIRCUMSTANCES, BE LIABLE FOR S
                       PECIAL, INCIDENTAL, OR
   21 00000000         ; * CONSEQUENTIAL DAMAGES, FOR ANY REASON WHATSOEVER.
   22 00000000         ; *
   23 00000000         ; ******************************************************
                       ************************/
   24 00000000         
   25 00000000         ; *------- <<< Use Configuration Wizard in Context Menu 
                       >>> ------------------
   26 00000000         
   27 00000000         ; <h> Stack Configuration
   28 00000000         ;   <o> Stack Size (in Bytes) <0x0-0xFFFFFFFF:8>
   29 00000000         ; </h>
   30 00000000         
   31 00000000 00000400 
                       Stack_Size
                               EQU              0x00000400
   32 00000000         
   33 00000000                 AREA             STACK, NOINIT, READWRITE, ALIGN
=3
   34 00000000         Stack_Mem
                               SPACE            Stack_Size
   35 00000400         __initial_sp
   36 00000400         
   37 00000400         
   38 00000400         ; <h> Heap Configuration
   39 00000400         ;   <o>  Heap Size (in Bytes) <0x0-0xFFFFFFFF:8>
   40 00000400         ; </h>
   41 00000400         
   42 00000400 00000400 
                       Heap_Size
                               EQU              0x00000400



ARM Macro Assembler    Page 2 


   43 00000400         
   44 00000400                 AREA             HEAP, NOINIT, READWRITE, ALIGN=
3
   45 00000000         __heap_base
   46 00000000         Heap_Mem
                               SPACE            Heap_Size
   47 00000400         __heap_limit
   48 00000400         
   49 00000400         
   50 00000400                 PRESERVE8
   51 00000400                 THUMB
   52 00000400         
   53 00000400         
   54 00000400         ; Vector Table Mapped to Address 0 at Reset
   55 00000400         
   56 00000400                 AREA             RESET, DATA, READONLY
   57 00000000                 EXPORT           __Vectors
   58 00000000         
   59 00000000 00000000 
                       __Vectors
                               DCD              __initial_sp ; Top of Stack
   60 00000004 00000000        DCD              Reset_Handler ; Reset Handler
   61 00000008 00000000        DCD              NMI_Handler ; NMI Handler
   62 0000000C 00000000        DCD              HardFault_Handler ; Hard Fault 
                                                            Handler
   63 00000010 00000000        DCD              0           ; Reserved
   64 00000014 00000000        DCD              0           ; Reserved
   65 00000018 00000000        DCD              0           ; Reserved
   66 0000001C 00000000        DCD              0           ; Reserved
   67 00000020 00000000        DCD              0           ; Reserved
   68 00000024 00000000        DCD              0           ; Reserved
   69 00000028 00000000        DCD              0           ; Reserved
   70 0000002C 00000000        DCD              SVC_Handler ; SVCall Handler
   71 00000030 00000000        DCD              0           ; Reserved
   72 00000034 00000000        DCD              0           ; Reserved
   73 00000038 00000000        DCD              PendSV_Handler ; PendSV Handler
                                                            
   74 0000003C 00000000        DCD              SysTick_Handler 
                                                            ; SysTick Handler
   75 00000040         
   76 00000040         ; External Interrupts
   77 00000040 00000000        DCD              SPI0_IRQHandler ; 16+ 0  SPI0
   78 00000044 00000000        DCD              SPI1_IRQHandler ; 16+ 1  SPI1
   79 00000048 00000000        DCD              0           ; 16+ 2  Reserved
   80 0000004C 00000000        DCD              UART0_IRQHandler ; 16+ 3  UART0
                                                            
   81 00000050 00000000        DCD              UART1_IRQHandler ; 16+ 4  UART1
                                                            
   82 00000054 00000000        DCD              UART2_IRQHandler ; 16+ 5  UART2
                                                            
   83 00000058 00000000        DCD              0           ; 16+ 6  Reserved
   84 0000005C 00000000        DCD              I2C1_IRQHandler ; 16+ 7  I2C1
   85 00000060 00000000        DCD              I2C0_IRQHandler ; 16+ 8  I2C0
   86 00000064 00000000        DCD              SCT_IRQHandler ; 16+ 9  State c
                                                            onfigurable timer
   87 00000068 00000000        DCD              MRT_IRQHandler ; 16+10  Multi-r
                                                            ate timer
   88 0000006C 00000000        DCD              CMP_IRQHandler ; 16+11  Analog 
                                                            comparator



ARM Macro Assembler    Page 3 


   89 00000070 00000000        DCD              WDT_IRQHandler ; 16+12  Windowe
                                                            d watchdog timer
   90 00000074 00000000        DCD              BOD_IRQHandler ; 16+13  BOD
   91 00000078 00000000        DCD              FLASH_IRQHandler ; 16+14  flash
                                                            
   92 0000007C 00000000        DCD              WKT_IRQHandler ; 16+15  Self wa
                                                            ke-up timer
   93 00000080 00000000        DCD              ADC_SEQA_IRQHandler ; 16+16  AD
                                                            C sequence A comple
                                                            tion
   94 00000084 00000000        DCD              ADC_SEQB_IRQHandler ; 16+17  AD
                                                            C sequence B comple
                                                            tion
   95 00000088 00000000        DCD              ADC_THCMP_IRQ ; 16+18  ADC thre
                                                            shold compare
   96 0000008C 00000000        DCD              ADC_OVR_IRQHandler ; 16+19  ADC
                                                             overrun
   97 00000090 00000000        DCD              DMA_IRQHandler ; 16+20  DMA
   98 00000094 00000000        DCD              I2C2_IRQHandler ; 16+21  I2C2
   99 00000098 00000000        DCD              I2C3_IRQHandler ; 16+22  I2C3
  100 0000009C 00000000        DCD              0           ; 16+23  Reserved
  101 000000A0 00000000        DCD              PIN_INT0_IRQHandler 
                                                            ; 16+24  PIO INT0
  102 000000A4 00000000        DCD              PIN_INT1_IRQHandler 
                                                            ; 16+25  PIO INT1
  103 000000A8 00000000        DCD              PIN_INT2_IRQHandler 
                                                            ; 16+26  PIO INT2
  104 000000AC 00000000        DCD              PIN_INT3_IRQHandler 
                                                            ; 16+27  PIO INT3
  105 000000B0 00000000        DCD              PIN_INT4_IRQHandler 
                                                            ; 16+28  PIO INT4
  106 000000B4 00000000        DCD              PIN_INT5_IRQHandler 
                                                            ; 16+29  PIO INT5
  107 000000B8 00000000        DCD              PIN_INT6_IRQHandler 
                                                            ; 16+30  PIO INT6
  108 000000BC 00000000        DCD              PIN_INT7_IRQHandler 
                                                            ; 16+31  PIO INT7
  109 000000C0         
  110 000000C0         ; <h> Code Read Protection
  111 000000C0         ;   <o> Code Read Protection  <0xFFFFFFFF=>CRP Disabled
  112 000000C0         ;                             <0x12345678=>CRP Level 1
  113 000000C0         ;                             <0x87654321=>CRP Level 2
  114 000000C0         ;                             <0x43218765=>CRP Level 3 (
                       ARE YOU SURE?)
  115 000000C0         ;                             <0x4E697370=>NO ISP (ARE Y
                       OU SURE?)
  116 000000C0         ; </h>
  117 000000C0                 IF               :LNOT::DEF:NO_CRP
  118 000000C0                 AREA             |.ARM.__at_0x02FC|, CODE, READO
NLY
  119 00000000 FFFFFFFF        DCD              0xFFFFFFFF
  120 00000004                 ENDIF
  121 00000004         
  122 00000004                 AREA             |.text|, CODE, READONLY
  123 00000000         
  124 00000000         
  125 00000000         ; Reset Handler
  126 00000000         
  127 00000000         Reset_Handler



ARM Macro Assembler    Page 4 


                               PROC
  128 00000000                 EXPORT           Reset_Handler             [WEAK
]
  129 00000000                 IMPORT           SystemInit
  130 00000000                 IMPORT           __main
  131 00000000 4807            LDR              R0, =SystemInit
  132 00000002 4780            BLX              R0
  133 00000004 4807            LDR              R0, =__main
  134 00000006 4700            BX               R0
  135 00000008                 ENDP
  136 00000008         
  137 00000008         
  138 00000008         ; Dummy Exception Handlers (infinite loops which can be 
                       modified)
  139 00000008         
  140 00000008         NMI_Handler
                               PROC
  141 00000008                 EXPORT           NMI_Handler               [WEAK
]
  142 00000008 E7FE            B                .
  143 0000000A                 ENDP
  145 0000000A         HardFault_Handler
                               PROC
  146 0000000A                 EXPORT           HardFault_Handler         [WEAK
]
  147 0000000A E7FE            B                .
  148 0000000C                 ENDP
  149 0000000C         SVC_Handler
                               PROC
  150 0000000C                 EXPORT           SVC_Handler               [WEAK
]
  151 0000000C E7FE            B                .
  152 0000000E                 ENDP
  153 0000000E         PendSV_Handler
                               PROC
  154 0000000E                 EXPORT           PendSV_Handler            [WEAK
]
  155 0000000E E7FE            B                .
  156 00000010                 ENDP
  157 00000010         SysTick_Handler
                               PROC
  158 00000010                 EXPORT           SysTick_Handler           [WEAK
]
  159 00000010 E7FE            B                .
  160 00000012                 ENDP
  161 00000012         
  162 00000012         Default_Handler
                               PROC
  163 00000012                 EXPORT           SPI0_IRQHandler           [WEAK
]
  164 00000012                 EXPORT           SPI1_IRQHandler           [WEAK
]
  165 00000012                 EXPORT           UART0_IRQHandler          [WEAK
]
  166 00000012                 EXPORT           UART1_IRQHandler          [WEAK
]
  167 00000012                 EXPORT           UART2_IRQHandler          [WEAK
]
  168 00000012                 EXPORT           I2C1_IRQHandler           [WEAK



ARM Macro Assembler    Page 5 


]
  169 00000012                 EXPORT           I2C0_IRQHandler           [WEAK
]
  170 00000012                 EXPORT           SCT_IRQHandler            [WEAK
]
  171 00000012                 EXPORT           MRT_IRQHandler            [WEAK
]
  172 00000012                 EXPORT           CMP_IRQHandler            [WEAK
]
  173 00000012                 EXPORT           WDT_IRQHandler            [WEAK
]
  174 00000012                 EXPORT           BOD_IRQHandler            [WEAK
]
  175 00000012                 EXPORT           FLASH_IRQHandler          [WEAK
]
  176 00000012                 EXPORT           WKT_IRQHandler            [WEAK
]
  177 00000012                 EXPORT           ADC_SEQA_IRQHandler       [WEAK
]
  178 00000012                 EXPORT           ADC_SEQB_IRQHandler       [WEAK
]
  179 00000012                 EXPORT           ADC_THCMP_IRQ             [WEAK
]
  180 00000012                 EXPORT           ADC_OVR_IRQHandler        [WEAK
]
  181 00000012                 EXPORT           DMA_IRQHandler            [WEAK
]
  182 00000012                 EXPORT           I2C2_IRQHandler           [WEAK
]
  183 00000012                 EXPORT           I2C3_IRQHandler           [WEAK
]
  184 00000012                 EXPORT           PIN_INT0_IRQHandler       [WEAK
]
  185 00000012                 EXPORT           PIN_INT1_IRQHandler       [WEAK
]
  186 00000012                 EXPORT           PIN_INT2_IRQHandler       [WEAK
]
  187 00000012                 EXPORT           PIN_INT3_IRQHandler       [WEAK
]
  188 00000012                 EXPORT           PIN_INT4_IRQHandler       [WEAK
]
  189 00000012                 EXPORT           PIN_INT5_IRQHandler       [WEAK
]
  190 00000012                 EXPORT           PIN_INT6_IRQHandler       [WEAK
]
  191 00000012                 EXPORT           PIN_INT7_IRQHandler       [WEAK
]
  192 00000012         
  193 00000012         SPI0_IRQHandler
  194 00000012         SPI1_IRQHandler
  195 00000012         UART0_IRQHandler
  196 00000012         UART1_IRQHandler
  197 00000012         UART2_IRQHandler
  198 00000012         I2C1_IRQHandler
  199 00000012         I2C0_IRQHandler
  200 00000012         SCT_IRQHandler
  201 00000012         MRT_IRQHandler
  202 00000012         CMP_IRQHandler
  203 00000012         WDT_IRQHandler



ARM Macro Assembler    Page 6 


  204 00000012         BOD_IRQHandler
  205 00000012         FLASH_IRQHandler
  206 00000012         WKT_IRQHandler
  207 00000012         ADC_SEQA_IRQHandler
  208 00000012         ADC_SEQB_IRQHandler
  209 00000012         ADC_THCMP_IRQ
  210 00000012         ADC_OVR_IRQHandler
  211 00000012         DMA_IRQHandler
  212 00000012         I2C2_IRQHandler
  213 00000012         I2C3_IRQHandler
  214 00000012         PIN_INT0_IRQHandler
  215 00000012         PIN_INT1_IRQHandler
  216 00000012         PIN_INT2_IRQHandler
  217 00000012         PIN_INT3_IRQHandler
  218 00000012         PIN_INT4_IRQHandler
  219 00000012         PIN_INT5_IRQHandler
  220 00000012         PIN_INT6_IRQHandler
  221 00000012         PIN_INT7_IRQHandler
  222 00000012         
  223 00000012 E7FE            B                .
  224 00000014         
  225 00000014                 ENDP
  226 00000014         
  227 00000014         
  228 00000014                 ALIGN
  229 00000014         
  230 00000014         
  231 00000014         ; User Initial Stack & Heap
  232 00000014         
  233 00000014                 IF               :DEF:__MICROLIB
  240 00000014         
  241 00000014                 IMPORT           __use_two_region_memory
  242 00000014                 EXPORT           __user_initial_stackheap
  243 00000014         __user_initial_stackheap
  244 00000014         
  245 00000014 4804            LDR              R0, =  Heap_Mem
  246 00000016 4905            LDR              R1, =(Stack_Mem + Stack_Size)
  247 00000018 4A05            LDR              R2, = (Heap_Mem +  Heap_Size)
  248 0000001A 4B06            LDR              R3, = Stack_Mem
  249 0000001C 4770            BX               LR
  250 0000001E         
  251 0000001E 00 00           ALIGN
  252 00000020         
  253 00000020                 ENDIF
  254 00000020         
  255 00000020         
  256 00000020                 END
              00000000 
              00000000 
              00000000 
              00000400 
              00000400 
              00000000 
Command Line: --debug --xref --diag_suppress=9931 --cpu=Cortex-M0+ --apcs=inter
work --depend=.\objects\startup_lpc82x.d -o.\objects\startup_lpc82x.o -I"C:\Use
rs\Public\Desktop\EVCC-TYPE2-Controller\LPC82X SW V1\RTE" -IC:\Keil_v5\ARM\PACK
\ARM\CMSIS\4.5.0\CMSIS\Include -IC:\Keil_v5\ARM\PACK\ARM\CMSIS\4.5.0\CMSIS\RTOS
\RTX\INC -IC:\Keil_v5\ARM\PACK\Keil\LPC800_DFP\1.2.0\Device\Include --predefine
="__RTX SETA 1" --predefine="__UVISION_VERSION SETA 517" --predefine="_RTE_ SET



ARM Macro Assembler    Page 7 


A 1" --predefine="LPC824M201JHI33 SETA 1" --list=.\listings\startup_lpc82x.lst 
RTE\Device\LPC824M201JHI33\startup_LPC82x.s



ARM Macro Assembler    Page 1 Alphabetic symbol ordering
Relocatable symbols

STACK 00000000

Symbol: STACK
   Definitions
      At line 33 in file RTE\Device\LPC824M201JHI33\startup_LPC82x.s
   Uses
      None
Comment: STACK unused
Stack_Mem 00000000

Symbol: Stack_Mem
   Definitions
      At line 34 in file RTE\Device\LPC824M201JHI33\startup_LPC82x.s
   Uses
      At line 246 in file RTE\Device\LPC824M201JHI33\startup_LPC82x.s
      At line 248 in file RTE\Device\LPC824M201JHI33\startup_LPC82x.s

__initial_sp 00000400

Symbol: __initial_sp
   Definitions
      At line 35 in file RTE\Device\LPC824M201JHI33\startup_LPC82x.s
   Uses
      At line 59 in file RTE\Device\LPC824M201JHI33\startup_LPC82x.s
Comment: __initial_sp used once
3 symbols



ARM Macro Assembler    Page 1 Alphabetic symbol ordering
Relocatable symbols

HEAP 00000000

Symbol: HEAP
   Definitions
      At line 44 in file RTE\Device\LPC824M201JHI33\startup_LPC82x.s
   Uses
      None
Comment: HEAP unused
Heap_Mem 00000000

Symbol: Heap_Mem
   Definitions
      At line 46 in file RTE\Device\LPC824M201JHI33\startup_LPC82x.s
   Uses
      At line 245 in file RTE\Device\LPC824M201JHI33\startup_LPC82x.s
      At line 247 in file RTE\Device\LPC824M201JHI33\startup_LPC82x.s

__heap_base 00000000

Symbol: __heap_base
   Definitions
      At line 45 in file RTE\Device\LPC824M201JHI33\startup_LPC82x.s
   Uses
      None
Comment: __heap_base unused
__heap_limit 00000400

Symbol: __heap_limit
   Definitions
      At line 47 in file RTE\Device\LPC824M201JHI33\startup_LPC82x.s
   Uses
      None
Comment: __heap_limit unused
4 symbols



ARM Macro Assembler    Page 1 Alphabetic symbol ordering
Relocatable symbols

RESET 00000000

Symbol: RESET
   Definitions
      At line 56 in file RTE\Device\LPC824M201JHI33\startup_LPC82x.s
   Uses
      None
Comment: RESET unused
__Vectors 00000000

Symbol: __Vectors
   Definitions
      At line 59 in file RTE\Device\LPC824M201JHI33\startup_LPC82x.s
   Uses
      At line 57 in file RTE\Device\LPC824M201JHI33\startup_LPC82x.s
Comment: __Vectors used once
2 symbols



ARM Macro Assembler    Page 1 Alphabetic symbol ordering
Relocatable symbols

.ARM.__at_0x02FC 00000000

Symbol: .ARM.__at_0x02FC
   Definitions
      At line 118 in file RTE\Device\LPC824M201JHI33\startup_LPC82x.s
   Uses
      None
Comment: .ARM.__at_0x02FC unused
1 symbol



ARM Macro Assembler    Page 1 Alphabetic symbol ordering
Relocatable symbols

.text 00000000

Symbol: .text
   Definitions
      At line 122 in file RTE\Device\LPC824M201JHI33\startup_LPC82x.s
   Uses
      None
Comment: .text unused
ADC_OVR_IRQHandler 00000012

Symbol: ADC_OVR_IRQHandler
   Definitions
      At line 210 in file RTE\Device\LPC824M201JHI33\startup_LPC82x.s
   Uses
      At line 96 in file RTE\Device\LPC824M201JHI33\startup_LPC82x.s
      At line 180 in file RTE\Device\LPC824M201JHI33\startup_LPC82x.s

ADC_SEQA_IRQHandler 00000012

Symbol: ADC_SEQA_IRQHandler
   Definitions
      At line 207 in file RTE\Device\LPC824M201JHI33\startup_LPC82x.s
   Uses
      At line 93 in file RTE\Device\LPC824M201JHI33\startup_LPC82x.s
      At line 177 in file RTE\Device\LPC824M201JHI33\startup_LPC82x.s

ADC_SEQB_IRQHandler 00000012

Symbol: ADC_SEQB_IRQHandler
   Definitions
      At line 208 in file RTE\Device\LPC824M201JHI33\startup_LPC82x.s
   Uses
      At line 94 in file RTE\Device\LPC824M201JHI33\startup_LPC82x.s
      At line 178 in file RTE\Device\LPC824M201JHI33\startup_LPC82x.s

ADC_THCMP_IRQ 00000012

Symbol: ADC_THCMP_IRQ
   Definitions
      At line 209 in file RTE\Device\LPC824M201JHI33\startup_LPC82x.s
   Uses
      At line 95 in file RTE\Device\LPC824M201JHI33\startup_LPC82x.s
      At line 179 in file RTE\Device\LPC824M201JHI33\startup_LPC82x.s

BOD_IRQHandler 00000012

Symbol: BOD_IRQHandler
   Definitions
      At line 204 in file RTE\Device\LPC824M201JHI33\startup_LPC82x.s
   Uses
      At line 90 in file RTE\Device\LPC824M201JHI33\startup_LPC82x.s
      At line 174 in file RTE\Device\LPC824M201JHI33\startup_LPC82x.s

CMP_IRQHandler 00000012

Symbol: CMP_IRQHandler
   Definitions
      At line 202 in file RTE\Device\LPC824M201JHI33\startup_LPC82x.s
   Uses



ARM Macro Assembler    Page 2 Alphabetic symbol ordering
Relocatable symbols

      At line 88 in file RTE\Device\LPC824M201JHI33\startup_LPC82x.s
      At line 172 in file RTE\Device\LPC824M201JHI33\startup_LPC82x.s

DMA_IRQHandler 00000012

Symbol: DMA_IRQHandler
   Definitions
      At line 211 in file RTE\Device\LPC824M201JHI33\startup_LPC82x.s
   Uses
      At line 97 in file RTE\Device\LPC824M201JHI33\startup_LPC82x.s
      At line 181 in file RTE\Device\LPC824M201JHI33\startup_LPC82x.s

Default_Handler 00000012

Symbol: Default_Handler
   Definitions
      At line 162 in file RTE\Device\LPC824M201JHI33\startup_LPC82x.s
   Uses
      None
Comment: Default_Handler unused
FLASH_IRQHandler 00000012

Symbol: FLASH_IRQHandler
   Definitions
      At line 205 in file RTE\Device\LPC824M201JHI33\startup_LPC82x.s
   Uses
      At line 91 in file RTE\Device\LPC824M201JHI33\startup_LPC82x.s
      At line 175 in file RTE\Device\LPC824M201JHI33\startup_LPC82x.s

HardFault_Handler 0000000A

Symbol: HardFault_Handler
   Definitions
      At line 145 in file RTE\Device\LPC824M201JHI33\startup_LPC82x.s
   Uses
      At line 62 in file RTE\Device\LPC824M201JHI33\startup_LPC82x.s
      At line 146 in file RTE\Device\LPC824M201JHI33\startup_LPC82x.s

I2C0_IRQHandler 00000012

Symbol: I2C0_IRQHandler
   Definitions
      At line 199 in file RTE\Device\LPC824M201JHI33\startup_LPC82x.s
   Uses
      At line 85 in file RTE\Device\LPC824M201JHI33\startup_LPC82x.s
      At line 169 in file RTE\Device\LPC824M201JHI33\startup_LPC82x.s

I2C1_IRQHandler 00000012

Symbol: I2C1_IRQHandler
   Definitions
      At line 198 in file RTE\Device\LPC824M201JHI33\startup_LPC82x.s
   Uses
      At line 84 in file RTE\Device\LPC824M201JHI33\startup_LPC82x.s
      At line 168 in file RTE\Device\LPC824M201JHI33\startup_LPC82x.s

I2C2_IRQHandler 00000012

Symbol: I2C2_IRQHandler



ARM Macro Assembler    Page 3 Alphabetic symbol ordering
Relocatable symbols

   Definitions
      At line 212 in file RTE\Device\LPC824M201JHI33\startup_LPC82x.s
   Uses
      At line 98 in file RTE\Device\LPC824M201JHI33\startup_LPC82x.s
      At line 182 in file RTE\Device\LPC824M201JHI33\startup_LPC82x.s

I2C3_IRQHandler 00000012

Symbol: I2C3_IRQHandler
   Definitions
      At line 213 in file RTE\Device\LPC824M201JHI33\startup_LPC82x.s
   Uses
      At line 99 in file RTE\Device\LPC824M201JHI33\startup_LPC82x.s
      At line 183 in file RTE\Device\LPC824M201JHI33\startup_LPC82x.s

MRT_IRQHandler 00000012

Symbol: MRT_IRQHandler
   Definitions
      At line 201 in file RTE\Device\LPC824M201JHI33\startup_LPC82x.s
   Uses
      At line 87 in file RTE\Device\LPC824M201JHI33\startup_LPC82x.s
      At line 171 in file RTE\Device\LPC824M201JHI33\startup_LPC82x.s

NMI_Handler 00000008

Symbol: NMI_Handler
   Definitions
      At line 140 in file RTE\Device\LPC824M201JHI33\startup_LPC82x.s
   Uses
      At line 61 in file RTE\Device\LPC824M201JHI33\startup_LPC82x.s
      At line 141 in file RTE\Device\LPC824M201JHI33\startup_LPC82x.s

PIN_INT0_IRQHandler 00000012

Symbol: PIN_INT0_IRQHandler
   Definitions
      At line 214 in file RTE\Device\LPC824M201JHI33\startup_LPC82x.s
   Uses
      At line 101 in file RTE\Device\LPC824M201JHI33\startup_LPC82x.s
      At line 184 in file RTE\Device\LPC824M201JHI33\startup_LPC82x.s

PIN_INT1_IRQHandler 00000012

Symbol: PIN_INT1_IRQHandler
   Definitions
      At line 215 in file RTE\Device\LPC824M201JHI33\startup_LPC82x.s
   Uses
      At line 102 in file RTE\Device\LPC824M201JHI33\startup_LPC82x.s
      At line 185 in file RTE\Device\LPC824M201JHI33\startup_LPC82x.s

PIN_INT2_IRQHandler 00000012

Symbol: PIN_INT2_IRQHandler
   Definitions
      At line 216 in file RTE\Device\LPC824M201JHI33\startup_LPC82x.s
   Uses
      At line 103 in file RTE\Device\LPC824M201JHI33\startup_LPC82x.s
      At line 186 in file RTE\Device\LPC824M201JHI33\startup_LPC82x.s



ARM Macro Assembler    Page 4 Alphabetic symbol ordering
Relocatable symbols


PIN_INT3_IRQHandler 00000012

Symbol: PIN_INT3_IRQHandler
   Definitions
      At line 217 in file RTE\Device\LPC824M201JHI33\startup_LPC82x.s
   Uses
      At line 104 in file RTE\Device\LPC824M201JHI33\startup_LPC82x.s
      At line 187 in file RTE\Device\LPC824M201JHI33\startup_LPC82x.s

PIN_INT4_IRQHandler 00000012

Symbol: PIN_INT4_IRQHandler
   Definitions
      At line 218 in file RTE\Device\LPC824M201JHI33\startup_LPC82x.s
   Uses
      At line 105 in file RTE\Device\LPC824M201JHI33\startup_LPC82x.s
      At line 188 in file RTE\Device\LPC824M201JHI33\startup_LPC82x.s

PIN_INT5_IRQHandler 00000012

Symbol: PIN_INT5_IRQHandler
   Definitions
      At line 219 in file RTE\Device\LPC824M201JHI33\startup_LPC82x.s
   Uses
      At line 106 in file RTE\Device\LPC824M201JHI33\startup_LPC82x.s
      At line 189 in file RTE\Device\LPC824M201JHI33\startup_LPC82x.s

PIN_INT6_IRQHandler 00000012

Symbol: PIN_INT6_IRQHandler
   Definitions
      At line 220 in file RTE\Device\LPC824M201JHI33\startup_LPC82x.s
   Uses
      At line 107 in file RTE\Device\LPC824M201JHI33\startup_LPC82x.s
      At line 190 in file RTE\Device\LPC824M201JHI33\startup_LPC82x.s

PIN_INT7_IRQHandler 00000012

Symbol: PIN_INT7_IRQHandler
   Definitions
      At line 221 in file RTE\Device\LPC824M201JHI33\startup_LPC82x.s
   Uses
      At line 108 in file RTE\Device\LPC824M201JHI33\startup_LPC82x.s
      At line 191 in file RTE\Device\LPC824M201JHI33\startup_LPC82x.s

PendSV_Handler 0000000E

Symbol: PendSV_Handler
   Definitions
      At line 153 in file RTE\Device\LPC824M201JHI33\startup_LPC82x.s
   Uses
      At line 73 in file RTE\Device\LPC824M201JHI33\startup_LPC82x.s
      At line 154 in file RTE\Device\LPC824M201JHI33\startup_LPC82x.s

Reset_Handler 00000000

Symbol: Reset_Handler
   Definitions



ARM Macro Assembler    Page 5 Alphabetic symbol ordering
Relocatable symbols

      At line 127 in file RTE\Device\LPC824M201JHI33\startup_LPC82x.s
   Uses
      At line 60 in file RTE\Device\LPC824M201JHI33\startup_LPC82x.s
      At line 128 in file RTE\Device\LPC824M201JHI33\startup_LPC82x.s

SCT_IRQHandler 00000012

Symbol: SCT_IRQHandler
   Definitions
      At line 200 in file RTE\Device\LPC824M201JHI33\startup_LPC82x.s
   Uses
      At line 86 in file RTE\Device\LPC824M201JHI33\startup_LPC82x.s
      At line 170 in file RTE\Device\LPC824M201JHI33\startup_LPC82x.s

SPI0_IRQHandler 00000012

Symbol: SPI0_IRQHandler
   Definitions
      At line 193 in file RTE\Device\LPC824M201JHI33\startup_LPC82x.s
   Uses
      At line 77 in file RTE\Device\LPC824M201JHI33\startup_LPC82x.s
      At line 163 in file RTE\Device\LPC824M201JHI33\startup_LPC82x.s

SPI1_IRQHandler 00000012

Symbol: SPI1_IRQHandler
   Definitions
      At line 194 in file RTE\Device\LPC824M201JHI33\startup_LPC82x.s
   Uses
      At line 78 in file RTE\Device\LPC824M201JHI33\startup_LPC82x.s
      At line 164 in file RTE\Device\LPC824M201JHI33\startup_LPC82x.s

SVC_Handler 0000000C

Symbol: SVC_Handler
   Definitions
      At line 149 in file RTE\Device\LPC824M201JHI33\startup_LPC82x.s
   Uses
      At line 70 in file RTE\Device\LPC824M201JHI33\startup_LPC82x.s
      At line 150 in file RTE\Device\LPC824M201JHI33\startup_LPC82x.s

SysTick_Handler 00000010

Symbol: SysTick_Handler
   Definitions
      At line 157 in file RTE\Device\LPC824M201JHI33\startup_LPC82x.s
   Uses
      At line 74 in file RTE\Device\LPC824M201JHI33\startup_LPC82x.s
      At line 158 in file RTE\Device\LPC824M201JHI33\startup_LPC82x.s

UART0_IRQHandler 00000012

Symbol: UART0_IRQHandler
   Definitions
      At line 195 in file RTE\Device\LPC824M201JHI33\startup_LPC82x.s
   Uses
      At line 80 in file RTE\Device\LPC824M201JHI33\startup_LPC82x.s
      At line 165 in file RTE\Device\LPC824M201JHI33\startup_LPC82x.s




ARM Macro Assembler    Page 6 Alphabetic symbol ordering
Relocatable symbols

UART1_IRQHandler 00000012

Symbol: UART1_IRQHandler
   Definitions
      At line 196 in file RTE\Device\LPC824M201JHI33\startup_LPC82x.s
   Uses
      At line 81 in file RTE\Device\LPC824M201JHI33\startup_LPC82x.s
      At line 166 in file RTE\Device\LPC824M201JHI33\startup_LPC82x.s

UART2_IRQHandler 00000012

Symbol: UART2_IRQHandler
   Definitions
      At line 197 in file RTE\Device\LPC824M201JHI33\startup_LPC82x.s
   Uses
      At line 82 in file RTE\Device\LPC824M201JHI33\startup_LPC82x.s
      At line 167 in file RTE\Device\LPC824M201JHI33\startup_LPC82x.s

WDT_IRQHandler 00000012

Symbol: WDT_IRQHandler
   Definitions
      At line 203 in file RTE\Device\LPC824M201JHI33\startup_LPC82x.s
   Uses
      At line 89 in file RTE\Device\LPC824M201JHI33\startup_LPC82x.s
      At line 173 in file RTE\Device\LPC824M201JHI33\startup_LPC82x.s

WKT_IRQHandler 00000012

Symbol: WKT_IRQHandler
   Definitions
      At line 206 in file RTE\Device\LPC824M201JHI33\startup_LPC82x.s
   Uses
      At line 92 in file RTE\Device\LPC824M201JHI33\startup_LPC82x.s
      At line 176 in file RTE\Device\LPC824M201JHI33\startup_LPC82x.s

__user_initial_stackheap 00000014

Symbol: __user_initial_stackheap
   Definitions
      At line 243 in file RTE\Device\LPC824M201JHI33\startup_LPC82x.s
   Uses
      At line 242 in file RTE\Device\LPC824M201JHI33\startup_LPC82x.s
Comment: __user_initial_stackheap used once
38 symbols



ARM Macro Assembler    Page 1 Alphabetic symbol ordering
Absolute symbols

Heap_Size 00000400

Symbol: Heap_Size
   Definitions
      At line 42 in file RTE\Device\LPC824M201JHI33\startup_LPC82x.s
   Uses
      At line 46 in file RTE\Device\LPC824M201JHI33\startup_LPC82x.s
      At line 247 in file RTE\Device\LPC824M201JHI33\startup_LPC82x.s

Stack_Size 00000400

Symbol: Stack_Size
   Definitions
      At line 31 in file RTE\Device\LPC824M201JHI33\startup_LPC82x.s
   Uses
      At line 34 in file RTE\Device\LPC824M201JHI33\startup_LPC82x.s
      At line 246 in file RTE\Device\LPC824M201JHI33\startup_LPC82x.s

2 symbols



ARM Macro Assembler    Page 1 Alphabetic symbol ordering
External symbols

SystemInit 00000000

Symbol: SystemInit
   Definitions
      At line 129 in file RTE\Device\LPC824M201JHI33\startup_LPC82x.s
   Uses
      At line 131 in file RTE\Device\LPC824M201JHI33\startup_LPC82x.s
Comment: SystemInit used once
__main 00000000

Symbol: __main
   Definitions
      At line 130 in file RTE\Device\LPC824M201JHI33\startup_LPC82x.s
   Uses
      At line 133 in file RTE\Device\LPC824M201JHI33\startup_LPC82x.s
Comment: __main used once
__use_two_region_memory 00000000

Symbol: __use_two_region_memory
   Definitions
      At line 241 in file RTE\Device\LPC824M201JHI33\startup_LPC82x.s
   Uses
      None
Comment: __use_two_region_memory unused
3 symbols
393 symbols in table
